<?xml version="1.0" encoding="UTF-8"?>
<testsuite name="com.efaturaai.signer.SignerTests" tests="1" skipped="0" failures="0" errors="0" timestamp="2025-10-28T11:58:24" hostname="Sahin-MacBook-Pro.local" time="0.03">
  <properties/>
  <testcase name="sign_and_verify_mock()" classname="com.efaturaai.signer.SignerTests" time="0.03"/>
  <system-out><![CDATA[]]></system-out>
  <system-err><![CDATA[]]></system-err>
</testsuite>
